d:\temp\no bomb no life\no bomb no life\debug\vc120.pdb
d:\temp\no bomb no life\no bomb no life\debug\vc120.idb
d:\temp\no bomb no life\no bomb no life\debug\bombgame.obj
d:\temp\no bomb no life\no bomb no life\debug\character.obj
d:\temp\no bomb no life\no bomb no life\debug\controlcon.obj
d:\temp\no bomb no life\no bomb no life\debug\item.obj
d:\temp\no bomb no life\no bomb no life\debug\main.obj
d:\temp\no bomb no life\no bomb no life\debug\passiveitem.obj
d:\temp\no bomb no life\no bomb no life\debug\pin.obj
d:\temp\no bomb no life\no bomb no life\debug\menu.obj
d:\temp\no bomb no life\no bomb no life\debug\map.obj
d:\temp\no bomb no life\no bomb no life\debug\activeitem.obj
d:\temp\no bomb no life\no bomb no life\debug\waterball.obj
d:\temp\no bomb no life\debug\no bomb no life.ilk
d:\temp\no bomb no life\debug\no bomb no life.exe
d:\temp\no bomb no life\debug\no bomb no life.pdb
d:\temp\no bomb no life\no bomb no life\debug\no bomb no life.tlog\cl.command.1.tlog
d:\temp\no bomb no life\no bomb no life\debug\no bomb no life.tlog\cl.read.1.tlog
d:\temp\no bomb no life\no bomb no life\debug\no bomb no life.tlog\cl.write.1.tlog
d:\temp\no bomb no life\no bomb no life\debug\no bomb no life.tlog\link.command.1.tlog
d:\temp\no bomb no life\no bomb no life\debug\no bomb no life.tlog\link.read.1.tlog
d:\temp\no bomb no life\no bomb no life\debug\no bomb no life.tlog\link.write.1.tlog
